[158066732] Using port 4461
Server waiting for client
Connected player with UUID Red-Perpentine
Assigned index 0
Server waiting for client
Connected player with UUID Blue-Perpentine
Assigned index 1
Server waiting for client
Connected player with UUID Green-Perpentine
Assigned index 2
Server waiting for client
Connected player with UUID Purple-Perpentine
Assigned index 3
[158070052] Processing the map...
[158070160] Initializing controllers...
[158070163] Initializing the game...
[0] Red-Perpentine (Comm open) - sending GET_READY...
[0] Red-Perpentine (Comm open) - Ready!
[1] Blue-Perpentine (Comm open) - sending GET_READY...
[1] Blue-Perpentine (Comm open) - Ready!
[2] Green-Perpentine (Comm open) - sending GET_READY...
[2] Green-Perpentine (Comm open) - Ready!
[3] Purple-Perpentine (Comm open) - sending GET_READY...
[3] Purple-Perpentine (Comm open) - Ready!
[158070958] Turn number: 0
[158070959] ----------------------------------------------------
[158071635] Turn number: 1
[158071635] ----------------------------------------------------
[158072666] Turn number: 2
[158072667] ----------------------------------------------------
[158073460] Blue-Perpentine Acquired Territory, now at  (26, 2)
[158073650] Turn number: 3
[158073650] ----------------------------------------------------
[158074371] Turn number: 4
[158074373] ----------------------------------------------------
[158075158] Turn number: 5
[158075160] ----------------------------------------------------
[158075762] Blue-Perpentine Acquired Territory, now at  (27, 2)
[158075867] Turn number: 6
[158075869] ----------------------------------------------------
[158076600] Turn number: 7
[158076601] ----------------------------------------------------
[158077348] Turn number: 8
[158077349] ----------------------------------------------------
[158078091] Turn number: 9
[158078091] ----------------------------------------------------
[158078838] Turn number: 10
[158078838] ----------------------------------------------------
[158079526] Turn number: 11
[158079527] ----------------------------------------------------
[158080221] Turn number: 12
[158080221] ----------------------------------------------------
[158080924] Turn number: 13
[158080925] ----------------------------------------------------
[158081632] Turn number: 14
[158081632] ----------------------------------------------------
[158082327] Turn number: 15
[158082328] ----------------------------------------------------
[158083033] Turn number: 16
[158083035] ----------------------------------------------------
[158083724] Turn number: 17
[158083726] ----------------------------------------------------
[158084408] Turn number: 18
[158084409] ----------------------------------------------------
[158085071] Turn number: 19
[158085072] ----------------------------------------------------
[158085739] Turn number: 20
[158085740] ----------------------------------------------------
[158086452] Turn number: 21
[158086453] ----------------------------------------------------
[158087117] Turn number: 22
[158087118] ----------------------------------------------------
[158087787] Turn number: 23
[158087787] ----------------------------------------------------
[158088391] Red-Perpentine Acquired Territory, now at  (4, 4)
[158088391] Green-Perpentine Acquired Territory, now at  (25, 25)
[158088448] Turn number: 24
[158088449] ----------------------------------------------------
[158089076] Turn number: 25
[158089076] ----------------------------------------------------
[158089679] Purple-Perpentine Acquired Territory, now at  (4, 25)
[158089847] Turn number: 26
[158089847] ----------------------------------------------------
[158090533] Turn number: 27
[158090533] ----------------------------------------------------
[158091256] Turn number: 28
[158091257] ----------------------------------------------------
[158091940] Turn number: 29
[158091941] ----------------------------------------------------
[158092759] Turn number: 30
[158092760] ----------------------------------------------------
[158093440] Turn number: 31
[158093440] ----------------------------------------------------
[158094140] Turn number: 32
[158094140] ----------------------------------------------------
[158094807] Turn number: 33
[158094809] ----------------------------------------------------
[158095479] Turn number: 34
[158095479] ----------------------------------------------------
[158096160] Turn number: 35
[158096161] ----------------------------------------------------
[158096763] Blue-Perpentine Acquired Territory, now at  (25, 4)
[158096844] Turn number: 36
[158096844] ----------------------------------------------------
[158097547] Turn number: 37
[158097548] ----------------------------------------------------
[158098254] Turn number: 38
[158098255] ----------------------------------------------------
[158098968] Turn number: 39
[158098969] ----------------------------------------------------
[158099713] Turn number: 40
[158099715] ----------------------------------------------------
[158100324] Green-Perpentine Acquired Territory, now at  (20, 25)
[158100454] Turn number: 41
[158100454] ----------------------------------------------------
[158101201] Turn number: 42
[158101202] ----------------------------------------------------
[158101807] Purple-Perpentine Acquired Territory, now at  (9, 25)
[158102006] Turn number: 43
[158102007] ----------------------------------------------------
[158102724] Turn number: 44
[158102726] ----------------------------------------------------
[158103452] Turn number: 45
[158103453] ----------------------------------------------------
[158104154] Turn number: 46
[158104155] ----------------------------------------------------
[158104871] Turn number: 47
[158104873] ----------------------------------------------------
[158105594] Turn number: 48
[158105594] ----------------------------------------------------
[158106323] Turn number: 49
[158106324] ----------------------------------------------------
[158107134] Turn number: 50
[158107134] ----------------------------------------------------
[158107853] Turn number: 51
[158107854] ----------------------------------------------------
[158108554] Turn number: 52
[158108556] ----------------------------------------------------
[158109271] Turn number: 53
[158109272] ----------------------------------------------------
[158109966] Turn number: 54
[158109969] ----------------------------------------------------
[158110575] Green-Perpentine Acquired Territory, now at  (20, 19)
[158110575] Purple-Perpentine Acquired Territory, now at  (9, 19)
[158110696] Turn number: 55
[158110696] ----------------------------------------------------
[158111304] Red-Perpentine Acquired Territory, now at  (4, 8)
[158111541] Turn number: 56
[158111543] ----------------------------------------------------
[158112346] Turn number: 57
[158112347] ----------------------------------------------------
[158113158] Turn number: 58
[158113158] ----------------------------------------------------
[158113897] Turn number: 59
[158113897] ----------------------------------------------------
[158114670] Turn number: 60
[158114671] ----------------------------------------------------
[158115376] Turn number: 61
[158115376] ----------------------------------------------------
[158116067] Turn number: 62
[158116068] ----------------------------------------------------
[158116792] Turn number: 63
[158116794] ----------------------------------------------------
[158117519] Turn number: 64
[158117519] ----------------------------------------------------
[158118124] Purple-Perpentine Acquired Territory, now at  (6, 18)
[158118183] Turn number: 65
[158118184] ----------------------------------------------------
[158118786] Red-Perpentine Acquired Territory, now at  (8, 8)
[158118866] Turn number: 66
[158118867] ----------------------------------------------------
[158119631] Turn number: 67
[158119632] ----------------------------------------------------
[158120370] Turn number: 68
[158120370] ----------------------------------------------------
[158120972] Blue-Perpentine Acquired Territory, now at  (19, 9)
[158120972] Green-Perpentine Acquired Territory, now at  (16, 19)
[158121069] Turn number: 69
[158121070] ----------------------------------------------------
[158121839] Turn number: 70
[158121840] ----------------------------------------------------
[158122746] Turn number: 71
[158122747] ----------------------------------------------------
[158123447] Turn number: 72
[158123447] ----------------------------------------------------
[158124127] Turn number: 73
[158124127] ----------------------------------------------------
[158124818] Turn number: 74
[158124818] ----------------------------------------------------
[158125488] Turn number: 75
[158125489] ----------------------------------------------------
[158126132] Turn number: 76
[158126132] ----------------------------------------------------
[158126773] Turn number: 77
[158126773] ----------------------------------------------------
[158127375] Blue-Perpentine Acquired Territory, now at  (17, 10)
[158127411] Turn number: 78
[158127412] ----------------------------------------------------
[158128052] Turn number: 79
[158128053] ----------------------------------------------------
[158128832] Turn number: 80
[158128834] ----------------------------------------------------
[158129493] Turn number: 81
[158129493] ----------------------------------------------------
[158130098] Red-Perpentine Acquired Territory, now at  (8, 10)
[158130099] Blue-Perpentine Acquired Territory, now at  (15, 10)
[158130128] Turn number: 82
[158130129] ----------------------------------------------------
[158130761] Turn number: 83
[158130762] ----------------------------------------------------
[158131370] Green-Perpentine Acquired Territory, now at  (16, 20)
[158131484] Turn number: 84
[158131484] ----------------------------------------------------
[158132090] Red-Perpentine Acquired Territory, now at  (9, 10)
[158132091] Blue-Perpentine Acquired Territory, now at  (15, 9)
[158132125] Turn number: 85
[158132126] ----------------------------------------------------
[158132731] Purple-Perpentine Acquired Territory, now at  (6, 15)
[158132844] Turn number: 86
[158132844] ----------------------------------------------------
[158133447] Green-Perpentine Acquired Territory, now at  (17, 20)
[158133583] Turn number: 87
[158133584] ----------------------------------------------------
[158134190] Red-Perpentine Acquired Territory, now at  (11, 11)
[158134295] Turn number: 88
[158134296] ----------------------------------------------------
[158135076] Turn number: 89
[158135076] ----------------------------------------------------
[158135685] Red-Perpentine Acquired Territory, now at  (11, 11)
[158135687] Green-Perpentine Acquired Territory, now at  (17, 21)
[158135687] Purple-Perpentine Acquired Territory, now at  (6, 13)
[158135773] Turn number: 90
[158135773] ----------------------------------------------------
[158136577] Turn number: 91
[158136577] ----------------------------------------------------
[158137300] Turn number: 92
[158137301] ----------------------------------------------------
[158137912] Red-Perpentine Acquired Territory, now at  (12, 11)
[158137992] Turn number: 93
[158137992] ----------------------------------------------------
[158138677] Turn number: 94
[158138677] ----------------------------------------------------
[158139280] Blue-Perpentine Acquired Territory, now at  (13, 9)
[158139280] Green-Perpentine Acquired Territory, now at  (18, 25)
[158139358] Turn number: 95
[158139359] ----------------------------------------------------
[158139962] Red-Perpentine Acquired Territory, now at  (13, 11)
[158139962] Purple-Perpentine Acquired Territory, now at  (6, 11)
[158140072] Turn number: 96
[158140072] ----------------------------------------------------
[158140692] Blue-Perpentine Acquired Territory, now at  (13, 9)
[158140775] Turn number: 97
[158140775] ----------------------------------------------------
[158141382] Green-Perpentine Acquired Territory, now at  (17, 25)
[158141487] Turn number: 98
[158141488] ----------------------------------------------------
[158142091] Red-Perpentine Acquired Territory, now at  (14, 11)
[158142212] Turn number: 99
[158142212] ----------------------------------------------------
[158142904] Turn number: 100
[158142905] ----------------------------------------------------
[158143605] Turn number: 101
[158143605] ----------------------------------------------------
[158144211] Purple-Perpentine Acquired Territory, now at  (8, 11)
[158144294] Turn number: 102
[158144294] ----------------------------------------------------
[158145018] Turn number: 103
[158145019] ----------------------------------------------------
[158145739] Turn number: 104
[158145739] ----------------------------------------------------
[158146432] Turn number: 105
[158146433] ----------------------------------------------------
[158147035] Blue-Perpentine Acquired Territory, now at  (13, 6)
[158147125] Turn number: 106
[158147125] ----------------------------------------------------
[158147818] Turn number: 107
[158147819] ----------------------------------------------------
[158148535] Turn number: 108
[158148536] ----------------------------------------------------
[158149239] Turn number: 109
[158149240] ----------------------------------------------------
[158149844] Red-Perpentine Acquired Territory, now at  (14, 10)
[158149844] Blue-Perpentine Acquired Territory, now at  (12, 5)
[158149947] Turn number: 110
[158149948] ----------------------------------------------------
[158150779] Turn number: 111
[158150780] ----------------------------------------------------
[158151477] Turn number: 112
[158151477] ----------------------------------------------------
[158152175] Turn number: 113
[158152176] ----------------------------------------------------
[158152780] Red-Perpentine Acquired Territory, now at  (15, 11)
[158152846] Turn number: 114
[158152847] ----------------------------------------------------
[158153452] Purple-Perpentine Acquired Territory, now at  (9, 11)
[158153554] Turn number: 115
[158153554] ----------------------------------------------------
[158154228] Turn number: 116
[158154228] ----------------------------------------------------
[158154929] Turn number: 117
[158154929] ----------------------------------------------------
[158155532] Red-Perpentine Acquired Territory, now at  (16, 8)
[158155620] Turn number: 118
[158155620] ----------------------------------------------------
[158156228] Purple-Perpentine Acquired Territory, now at  (10, 12)
[158156291] Turn number: 119
[158156291] ----------------------------------------------------
[158156998] Turn number: 120
[158156998] ----------------------------------------------------
[158157700] Turn number: 121
[158157701] ----------------------------------------------------
[158158305] Purple-Perpentine Acquired Territory, now at  (11, 12)
[158158356] Turn number: 122
[158158356] ----------------------------------------------------
[158158964] Blue-Perpentine Acquired Territory, now at  (12, 4)
[158159009] Turn number: 123
[158159009] ----------------------------------------------------
[158159715] Turn number: 124
[158159715] ----------------------------------------------------
[158160320] Red-Perpentine Acquired Territory, now at  (14, 7)
[158160416] Turn number: 125
[158160416] ----------------------------------------------------
[158161082] Turn number: 126
[158161083] ----------------------------------------------------
[158161687] Purple-Perpentine Acquired Territory, now at  (9, 15)
[158161741] Turn number: 127
[158161741] ----------------------------------------------------
[158162443] Turn number: 128
[158162444] ----------------------------------------------------
[158163129] Turn number: 129
[158163129] ----------------------------------------------------
[158163731] Blue-Perpentine Acquired Territory, now at  (10, 3)
[158163732] Green-Perpentine Acquired Territory, now at  (11, 21)
[158163732] Purple-Perpentine Acquired Territory, now at  (10, 15)
[158163883] Turn number: 130
[158163883] ----------------------------------------------------
[158164515] Turn number: 131
[158164515] ----------------------------------------------------
[158165216] Turn number: 132
[158165217] ----------------------------------------------------
[158165823] Red-Perpentine Acquired Territory, now at  (14, 5)
[158165823] Blue-Perpentine Acquired Territory, now at  (10, 4)
[158165823] Green-Perpentine Acquired Territory, now at  (12, 21)
[158165823] Purple-Perpentine Acquired Territory, now at  (11, 15)
[158165850] Turn number: 133
[158165850] ----------------------------------------------------
[158166534] Turn number: 134
[158166534] ----------------------------------------------------
[158167140] Purple-Perpentine Acquired Territory, now at  (11, 15)
[158167230] Turn number: 135
[158167230] ----------------------------------------------------
[158167880] Turn number: 136
[158167881] ----------------------------------------------------
[158168578] Turn number: 137
[158168579] ----------------------------------------------------
[158169184] Purple-Perpentine Acquired Territory, now at  (12, 13)
[158169241] Turn number: 138
[158169242] ----------------------------------------------------
[158169844] Blue-Perpentine Acquired Territory, now at  (8, 4)
[158169888] Turn number: 139
[158169889] ----------------------------------------------------
[158170493] Green-Perpentine Acquired Territory, now at  (16, 18)
[158170597] Turn number: 140
[158170598] ----------------------------------------------------
[158171259] Turn number: 141
[158171259] ----------------------------------------------------
[158171963] Turn number: 142
[158171964] ----------------------------------------------------
[158172567] Red-Perpentine Head on Collision at  (8, 1)
[158172567] Red-Perpentine Head on Collision at  (8, 2)
[158172567] Red-Perpentine Died at  (8, 1)
[158172567] Blue-Perpentine Died at  (8, 2)
[158172567] Green-Perpentine Acquired Territory, now at  (15, 16)
[158172599] Turn number: 143
[158172600] ----------------------------------------------------
[158173268] Turn number: 144
[158173269] ----------------------------------------------------
[158173904] Turn number: 145
[158173905] ----------------------------------------------------
[158174544] Turn number: 146
[158174544] ----------------------------------------------------
[158175146] Green-Perpentine Killed AI at  (14, 13)
[158175146] Purple-Perpentine Died at  (13, 11)
[158175200] Turn number: 147
[158175200] ----------------------------------------------------
[158175840] Turn number: 148
[158175840] ----------------------------------------------------
[158176602] Turn number: 149
[158176603] ----------------------------------------------------
[158177211] Green-Perpentine Acquired Territory, now at  (15, 15)
[158177232] Turn number: 150
[158177232] ----------------------------------------------------
[158177862] Turn number: 151
[158177863] ----------------------------------------------------
[158178518] Turn number: 152
[158178518] ----------------------------------------------------
[158179205] Turn number: 153
[158179205] ----------------------------------------------------
[158179843] Turn number: 154
[158179843] ----------------------------------------------------
[158180504] Turn number: 155
[158180504] ----------------------------------------------------
[158181154] Turn number: 156
[158181154] ----------------------------------------------------
[158181821] Turn number: 157
[158181821] ----------------------------------------------------
[158182518] Turn number: 158
[158182518] ----------------------------------------------------
[158183198] Turn number: 159
[158183199] ----------------------------------------------------
[158183877] Turn number: 160
[158183878] ----------------------------------------------------
[158184580] Turn number: 161
[158184580] ----------------------------------------------------
[158185245] Turn number: 162
[158185245] ----------------------------------------------------
[158185955] Turn number: 163
[158185956] ----------------------------------------------------
[158186656] Turn number: 164
[158186656] ----------------------------------------------------
[158187329] Turn number: 165
[158187330] ----------------------------------------------------
[158188017] Turn number: 166
[158188017] ----------------------------------------------------
[158188720] Turn number: 167
[158188721] ----------------------------------------------------
[158189329] Red-Perpentine Re-spawned at  (5, 2)
[158189329] Blue-Perpentine Re-spawned at  (9, 2)
[158189522] Turn number: 168
[158189523] ----------------------------------------------------
[158190253] Turn number: 169
[158190253] ----------------------------------------------------
[158190989] Turn number: 170
[158190990] ----------------------------------------------------
[158191595] Blue-Perpentine Acquired Territory, now at  (8, 2)
[158191683] Turn number: 171
[158191684] ----------------------------------------------------
[158192287] Purple-Perpentine Re-spawned at  (6, 20)
[158192457] Turn number: 172
[158192457] ----------------------------------------------------
[158193059] Red-Perpentine Acquired Territory, now at  (2, 2)
[158193151] Turn number: 173
[158193152] ----------------------------------------------------
[158193894] Turn number: 174
[158193894] ----------------------------------------------------
[158194581] Turn number: 175
[158194582] ----------------------------------------------------
[158195323] Turn number: 176
[158195323] ----------------------------------------------------
[158195930] Blue-Perpentine Killed AI at  (13, 1)
[158195930] Green-Perpentine Died at  (14, 9)
[158196070] Turn number: 177
[158196070] ----------------------------------------------------
[158196758] Turn number: 178
[158196758] ----------------------------------------------------
[158197462] Turn number: 179
[158197463] ----------------------------------------------------
[158198066] Red-Perpentine Acquired Territory, now at  (3, 6)
[158198142] Turn number: 180
[158198143] ----------------------------------------------------
[158198804] Turn number: 181
[158198804] ----------------------------------------------------
[158199514] Turn number: 182
[158199515] ----------------------------------------------------
[158200121] Purple-Perpentine Acquired Territory, now at  (5, 18)
[158200191] Turn number: 183
[158200192] ----------------------------------------------------
[158200798] Red-Perpentine Acquired Territory, now at  (3, 8)
[158200885] Turn number: 184
[158200885] ----------------------------------------------------
[158201601] Turn number: 185
[158201601] ----------------------------------------------------
[158202286] Turn number: 186
[158202287] ----------------------------------------------------
[158203042] Turn number: 187
[158203043] ----------------------------------------------------
[158203743] Turn number: 188
[158203743] ----------------------------------------------------
[158204350] Blue-Perpentine Acquired Territory, now at  (17, 9)
[158204430] Turn number: 189
[158204430] ----------------------------------------------------
[158205038] Purple-Perpentine Acquired Territory, now at  (4, 12)
[158205093] Turn number: 190
[158205094] ----------------------------------------------------
[158205702] Red-Perpentine Acquired Territory, now at  (3, 11)
[158205781] Turn number: 191
[158205781] ----------------------------------------------------
[158206385] Purple-Perpentine Acquired Territory, now at  (4, 12)
[158206446] Turn number: 192
[158206447] ----------------------------------------------------
[158207050] Red-Perpentine Acquired Territory, now at  (3, 11)
[158207121] Turn number: 193
[158207121] ----------------------------------------------------
[158207806] Turn number: 194
[158207807] ----------------------------------------------------
[158208411] Red-Perpentine Acquired Territory, now at  (3, 9)
[158208411] Purple-Perpentine Acquired Territory, now at  (3, 12)
[158208460] Turn number: 195
[158208461] ----------------------------------------------------
[158209064] Blue-Perpentine Acquired Territory, now at  (16, 9)
[158209143] Turn number: 196
[158209144] ----------------------------------------------------
[158209746] Red-Perpentine Acquired Territory, now at  (2, 8)
[158209746] Purple-Perpentine Acquired Territory, now at  (3, 12)
[158209777] Turn number: 197
[158209777] ----------------------------------------------------
[158210454] Turn number: 198
[158210454] ----------------------------------------------------
[158211133] Turn number: 199
[158211133] ----------------------------------------------------
[158211736] Purple-Perpentine Acquired Territory, now at  (2, 12)
[158211859] Turn number: 200
[158211860] ----------------------------------------------------
[158212550] Turn number: 201
[158212551] ----------------------------------------------------
[158213155] Red-Perpentine Acquired Territory, now at  (2, 9)
[158213155] Purple-Perpentine Acquired Territory, now at  (2, 12)
[158213155] Green-Perpentine Re-spawned at  (20, 24)
[158213280] Turn number: 202
[158213281] ----------------------------------------------------
[158214043] Turn number: 203
[158214044] ----------------------------------------------------
[158214654] Purple-Perpentine Acquired Territory, now at  (2, 12)
[158214789] Turn number: 204
[158214789] ----------------------------------------------------
[158215517] Turn number: 205
[158215517] ----------------------------------------------------
[158216122] Red-Perpentine Acquired Territory, now at  (1, 6)
[158216312] Turn number: 206
[158216313] ----------------------------------------------------
[158217057] Turn number: 207
[158217058] ----------------------------------------------------
[158217840] Turn number: 208
[158217841] ----------------------------------------------------
[158218447] Purple-Perpentine Acquired Territory, now at  (2, 11)
[158218616] Turn number: 209
[158218616] ----------------------------------------------------
[158219317] Turn number: 210
[158219317] ----------------------------------------------------
[158220079] Turn number: 211
[158220080] ----------------------------------------------------
[158220693] Red-Perpentine Acquired Territory, now at  (2, 1)
[158220693] Blue-Perpentine Acquired Territory, now at  (13, 10)
[158220850] Turn number: 212
[158220851] ----------------------------------------------------
[158221458] Purple-Perpentine Acquired Territory, now at  (2, 13)
[158221545] Turn number: 213
[158221545] ----------------------------------------------------
[158222261] Turn number: 214
[158222261] ----------------------------------------------------
[158222864] Purple-Perpentine Acquired Territory, now at  (1, 12)
[158222936] Turn number: 215
[158222936] ----------------------------------------------------
[158223629] Turn number: 216
[158223630] ----------------------------------------------------
[158224349] Turn number: 217
[158224350] ----------------------------------------------------
[158224955] Purple-Perpentine Acquired Territory, now at  (1, 13)
[158225034] Turn number: 218
[158225034] ----------------------------------------------------
[158225712] Turn number: 219
[158225713] ----------------------------------------------------
[158226473] Turn number: 220
[158226474] ----------------------------------------------------
[158227090] Purple-Perpentine Acquired Territory, now at  (1, 14)
[158227206] Turn number: 221
[158227207] ----------------------------------------------------
[158227893] Turn number: 222
[158227893] ----------------------------------------------------
[158228626] Turn number: 223
[158228627] ----------------------------------------------------
[158229230] Blue-Perpentine Acquired Territory, now at  (9, 6)
[158229230] Purple-Perpentine Acquired Territory, now at  (2, 14)
[158229282] Turn number: 224
[158229282] ----------------------------------------------------
[158230014] Turn number: 225
[158230015] ----------------------------------------------------
[158230621] Red-Perpentine Acquired Territory, now at  (7, 2)
[158230741] Turn number: 226
[158230741] ----------------------------------------------------
[158231422] Turn number: 227
[158231422] ----------------------------------------------------
[158232027] Purple-Perpentine Acquired Territory, now at  (4, 16)
[158232074] Turn number: 228
[158232075] ----------------------------------------------------
[158232806] Turn number: 229
[158232806] ----------------------------------------------------
[158233417] Green-Perpentine Acquired Territory, now at  (17, 15)
[158233502] Turn number: 230
[158233503] ----------------------------------------------------
[158234105] Purple-Perpentine Acquired Territory, now at  (3, 18)
[158234199] Turn number: 231
[158234199] ----------------------------------------------------
[158234883] Turn number: 232
[158234883] ----------------------------------------------------
[158235594] Turn number: 233
[158235595] ----------------------------------------------------
[158236202] Purple-Perpentine Acquired Territory, now at  (2, 18)
[158236288] Turn number: 234
[158236288] ----------------------------------------------------
[158237012] Turn number: 235
[158237013] ----------------------------------------------------
[158237709] Turn number: 236
[158237710] ----------------------------------------------------
[158238401] Turn number: 237
[158238401] ----------------------------------------------------
[158239084] Turn number: 238
[158239084] ----------------------------------------------------
[158239690] Purple-Perpentine Acquired Territory, now at  (2, 21)
[158239858] Turn number: 239
[158239858] ----------------------------------------------------
[158240581] Turn number: 240
[158240581] ----------------------------------------------------
[158241186] Blue-Perpentine Acquired Territory, now at  (9, 9)
[158241186] Purple-Perpentine Acquired Territory, now at  (3, 22)
[158241243] Turn number: 241
[158241243] ----------------------------------------------------
[158241922] Turn number: 242
[158241922] ----------------------------------------------------
[158242639] Turn number: 243
[158242639] ----------------------------------------------------
[158243242] Purple-Perpentine Acquired Territory, now at  (2, 22)
[158243419] Turn number: 244
[158243420] ----------------------------------------------------
[158244152] Turn number: 245
[158244152] ----------------------------------------------------
[158244871] Turn number: 246
[158244871] ----------------------------------------------------
[158245475] Purple-Perpentine Acquired Territory, now at  (2, 23)
[158245541] Turn number: 247
[158245541] ----------------------------------------------------
[158246148] Blue-Perpentine Acquired Territory, now at  (13, 12)
[158246148] Green-Perpentine Acquired Territory, now at  (21, 15)
[158246248] Turn number: 248
[158246248] ----------------------------------------------------
[158246852] Purple-Perpentine Acquired Territory, now at  (3, 24)
[158246893] Turn number: 249
[158246894] ----------------------------------------------------
[158247610] Turn number: 250
[158247611] ----------------------------------------------------
[158248335] Turn number: 251
[158248335] ----------------------------------------------------
[158248939] Purple-Perpentine Acquired Territory, now at  (1, 23)
[158249024] Turn number: 252
[158249024] ----------------------------------------------------
[158249774] Turn number: 253
[158249775] ----------------------------------------------------
[158250516] Turn number: 254
[158250516] ----------------------------------------------------
[158251124] Purple-Perpentine Acquired Territory, now at  (2, 25)
[158251189] Turn number: 255
[158251189] ----------------------------------------------------
[158251881] Turn number: 256
[158251881] ----------------------------------------------------
[158252645] Turn number: 257
[158252646] ----------------------------------------------------
[158253249] Purple-Perpentine Acquired Territory, now at  (1, 25)
[158253344] Turn number: 258
[158253344] ----------------------------------------------------
[158253948] Red-Perpentine Acquired Territory, now at  (8, 8)
[158254048] Turn number: 259
[158254049] ----------------------------------------------------
[158254867] Turn number: 260
[158254868] ----------------------------------------------------
[158255475] Purple-Perpentine Acquired Territory, now at  (2, 27)
[158255559] Turn number: 261
[158255559] ----------------------------------------------------
[158256315] Turn number: 262
[158256317] ----------------------------------------------------
[158256921] Blue-Perpentine Acquired Territory, now at  (8, 12)
[158257144] Turn number: 263
[158257144] ----------------------------------------------------
[158257749] Purple-Perpentine Acquired Territory, now at  (3, 27)
[158257834] Turn number: 264
[158257834] ----------------------------------------------------
[158258482] Turn number: 265
[158258483] ----------------------------------------------------
[158259089] Red-Perpentine Acquired Territory, now at  (9, 8)
[158259089] Green-Perpentine Acquired Territory, now at  (27, 25)
[158259197] Turn number: 266
[158259197] ----------------------------------------------------
[158259800] Purple-Perpentine Acquired Territory, now at  (5, 26)
[158259904] Turn number: 267
[158259905] ----------------------------------------------------
[158260656] Turn number: 268
[158260656] ----------------------------------------------------
[158261259] Green-Perpentine Acquired Territory, now at  (28, 25)
[158261347] Turn number: 269
[158261347] ----------------------------------------------------
[158262081] Turn number: 270
[158262081] ----------------------------------------------------
[158262690] Red-Perpentine Acquired Territory, now at  (10, 10)
[158262690] Blue-Perpentine Acquired Territory, now at  (9, 13)
[158262818] Turn number: 271
[158262819] ----------------------------------------------------
[158263424] Green-Perpentine Acquired Territory, now at  (28, 26)
[158263502] Turn number: 272
[158263503] ----------------------------------------------------
[158264213] Turn number: 273
[158264213] ----------------------------------------------------
[158264816] Red-Perpentine Acquired Territory, now at  (10, 11)
[158264938] Turn number: 274
[158264938] ----------------------------------------------------
[158265543] Green-Perpentine Acquired Territory, now at  (28, 27)
[158265700] Turn number: 275
[158265700] ----------------------------------------------------
[158266307] Blue-Perpentine Acquired Territory, now at  (10, 15)
[158266439] Turn number: 276
[158266439] ----------------------------------------------------
[158267043] Red-Perpentine Acquired Territory, now at  (10, 12)
[158267179] Turn number: 277
[158267179] ----------------------------------------------------
[158267790] Green-Perpentine Acquired Territory, now at  (27, 27)
[158267924] Turn number: 278
[158267924] ----------------------------------------------------
[158268639] Turn number: 279
[158268639] ----------------------------------------------------
[158269396] Turn number: 280
[158269396] ----------------------------------------------------
[158270000] Blue-Perpentine Acquired Territory, now at  (9, 15)
[158270000] Green-Perpentine Acquired Territory, now at  (26, 27)
[158270055] Turn number: 281
[158270055] ----------------------------------------------------
[158270661] Red-Perpentine Acquired Territory, now at  (10, 13)
[158270787] Turn number: 282
[158270787] ----------------------------------------------------
[158271509] Turn number: 283
[158271509] ----------------------------------------------------
[158272115] Red-Perpentine Acquired Territory, now at  (10, 13)
[158272115] Blue-Perpentine Acquired Territory, now at  (12, 15)
[158272116] Green-Perpentine Acquired Territory, now at  (25, 27)
[158272157] Turn number: 284
[158272157] ----------------------------------------------------
[158272807] Turn number: 285
[158272807] ----------------------------------------------------
[158273505] Turn number: 286
[158273505] ----------------------------------------------------
[158274115] Red-Perpentine Acquired Territory, now at  (11, 13)
[158274210] Turn number: 287
[158274211] ----------------------------------------------------
[158274863] Turn number: 288
[158274863] ----------------------------------------------------
[158275472] Purple-Perpentine Acquired Territory, now at  (7, 26)
[158275578] Turn number: 289
[158275578] ----------------------------------------------------
[158276182] Red-Perpentine Acquired Territory, now at  (11, 14)
[158276205] Turn number: 290
[158276205] ----------------------------------------------------
[158276918] Turn number: 291
[158276918] ----------------------------------------------------
[158277522] Blue-Perpentine Acquired Territory, now at  (12, 17)
[158277523] Purple-Perpentine Acquired Territory, now at  (7, 27)
[158277655] Turn number: 292
[158277655] ----------------------------------------------------
[158278259] Red-Perpentine Acquired Territory, now at  (11, 15)
[158278292] Turn number: 293
[158278292] ----------------------------------------------------
[158279038] Turn number: 294
[158279038] ----------------------------------------------------
[158279649] Red-Perpentine Acquired Territory, now at  (11, 15)
[158279649] Blue-Perpentine Acquired Territory, now at  (14, 16)
[158279649] Purple-Perpentine Acquired Territory, now at  (6, 27)
[158279684] Turn number: 295
[158279685] ----------------------------------------------------
[158280429] Turn number: 296
[158280429] ----------------------------------------------------
[158281240] Turn number: 297
[158281241] ----------------------------------------------------
[158281850] Blue-Perpentine Acquired Territory, now at  (15, 16)
[158281851] Purple-Perpentine Acquired Territory, now at  (5, 27)
[158281956] Turn number: 298
[158281957] ----------------------------------------------------
[158282746] Turn number: 299
[158282747] ----------------------------------------------------
[158283354] Red-Perpentine Acquired Territory, now at  (9, 14)
[158283508] Turn number: 300
[158283508] ----------------------------------------------------
[158283513] Turn limit reached: exiting game
